<?xml version="1.0" encoding="UTF-8"?>
<testsuite name="com.dvdrental.payment.PaymentApplicationTests" tests="1" skipped="0" failures="0" errors="0" timestamp="2020-12-26T19:56:53" hostname="blackbartsbook" time="0.088">
  <properties/>
  <testcase name="contextLoads()" classname="com.dvdrental.payment.PaymentApplicationTests" time="0.088"/>
  <system-out><![CDATA[16:56:46.620 [Test worker] DEBUG org.springframework.test.context.BootstrapUtils - Instantiating CacheAwareContextLoaderDelegate from class [org.springframework.test.context.cache.DefaultCacheAwareContextLoaderDelegate]
16:56:46.636 [Test worker] DEBUG org.springframework.test.context.BootstrapUtils - Instantiating BootstrapContext using constructor [public org.springframework.test.context.support.DefaultBootstrapContext(java.lang.Class,org.springframework.test.context.CacheAwareContextLoaderDelegate)]
16:56:46.679 [Test worker] DEBUG org.springframework.test.context.BootstrapUtils - Instantiating TestContextBootstrapper for test class [com.dvdrental.payment.PaymentApplicationTests] from class [org.springframework.boot.test.context.SpringBootTestContextBootstrapper]
16:56:46.696 [Test worker] INFO org.springframework.boot.test.context.SpringBootTestContextBootstrapper - Neither @ContextConfiguration nor @ContextHierarchy found for test class [com.dvdrental.payment.PaymentApplicationTests], using SpringBootContextLoader
16:56:46.701 [Test worker] DEBUG org.springframework.test.context.support.AbstractContextLoader - Did not detect default resource location for test class [com.dvdrental.payment.PaymentApplicationTests]: class path resource [com/dvdrental/payment/PaymentApplicationTests-context.xml] does not exist
16:56:46.702 [Test worker] DEBUG org.springframework.test.context.support.AbstractContextLoader - Did not detect default resource location for test class [com.dvdrental.payment.PaymentApplicationTests]: class path resource [com/dvdrental/payment/PaymentApplicationTestsContext.groovy] does not exist
16:56:46.702 [Test worker] INFO org.springframework.test.context.support.AbstractContextLoader - Could not detect default resource locations for test class [com.dvdrental.payment.PaymentApplicationTests]: no resource found for suffixes {-context.xml, Context.groovy}.
16:56:46.703 [Test worker] INFO org.springframework.test.context.support.AnnotationConfigContextLoaderUtils - Could not detect default configuration classes for test class [com.dvdrental.payment.PaymentApplicationTests]: PaymentApplicationTests does not declare any static, non-private, non-final, nested classes annotated with @Configuration.
16:56:46.746 [Test worker] DEBUG org.springframework.test.context.support.ActiveProfilesUtils - Could not find an 'annotation declaring class' for annotation type [org.springframework.test.context.ActiveProfiles] and class [com.dvdrental.payment.PaymentApplicationTests]
16:56:46.812 [Test worker] DEBUG org.springframework.context.annotation.ClassPathScanningCandidateComponentProvider - Identified candidate component class: file [/home/blackbart/repos/rental-payment/build/classes/java/main/com/dvdrental/payment/PaymentApplication.class]
16:56:46.813 [Test worker] INFO org.springframework.boot.test.context.SpringBootTestContextBootstrapper - Found @SpringBootConfiguration com.dvdrental.payment.PaymentApplication for test class com.dvdrental.payment.PaymentApplicationTests
16:56:46.910 [Test worker] DEBUG org.springframework.boot.test.context.SpringBootTestContextBootstrapper - @TestExecutionListeners is not present for class [com.dvdrental.payment.PaymentApplicationTests]: using defaults.
16:56:46.910 [Test worker] INFO org.springframework.boot.test.context.SpringBootTestContextBootstrapper - Loaded default TestExecutionListener class names from location [META-INF/spring.factories]: [org.springframework.boot.test.autoconfigure.restdocs.RestDocsTestExecutionListener, org.springframework.boot.test.autoconfigure.web.client.MockRestServiceServerResetTestExecutionListener, org.springframework.boot.test.autoconfigure.web.servlet.MockMvcPrintOnlyOnFailureTestExecutionListener, org.springframework.boot.test.autoconfigure.web.servlet.WebDriverTestExecutionListener, org.springframework.boot.test.autoconfigure.webservices.client.MockWebServiceServerTestExecutionListener, org.springframework.boot.test.mock.mockito.MockitoTestExecutionListener, org.springframework.boot.test.mock.mockito.ResetMocksTestExecutionListener, org.springframework.test.context.web.ServletTestExecutionListener, org.springframework.test.context.support.DirtiesContextBeforeModesTestExecutionListener, org.springframework.test.context.support.DependencyInjectionTestExecutionListener, org.springframework.test.context.support.DirtiesContextTestExecutionListener, org.springframework.test.context.transaction.TransactionalTestExecutionListener, org.springframework.test.context.jdbc.SqlScriptsTestExecutionListener, org.springframework.test.context.event.EventPublishingTestExecutionListener]
16:56:46.924 [Test worker] INFO org.springframework.boot.test.context.SpringBootTestContextBootstrapper - Using TestExecutionListeners: [org.springframework.test.context.web.ServletTestExecutionListener@7bd4dda6, org.springframework.test.context.support.DirtiesContextBeforeModesTestExecutionListener@620ebb77, org.springframework.boot.test.mock.mockito.MockitoTestExecutionListener@293b803a, org.springframework.boot.test.autoconfigure.SpringBootDependencyInjectionTestExecutionListener@41ac94cc, org.springframework.test.context.support.DirtiesContextTestExecutionListener@1c4848b2, org.springframework.test.context.transaction.TransactionalTestExecutionListener@b0a8d4f, org.springframework.test.context.jdbc.SqlScriptsTestExecutionListener@7e45e644, org.springframework.test.context.event.EventPublishingTestExecutionListener@5b6a17b4, org.springframework.boot.test.autoconfigure.restdocs.RestDocsTestExecutionListener@5b9c9b3, org.springframework.boot.test.autoconfigure.web.client.MockRestServiceServerResetTestExecutionListener@5a864cbe, org.springframework.boot.test.autoconfigure.web.servlet.MockMvcPrintOnlyOnFailureTestExecutionListener@ba0e66c, org.springframework.boot.test.autoconfigure.web.servlet.WebDriverTestExecutionListener@7c971b, org.springframework.boot.test.autoconfigure.webservices.client.MockWebServiceServerTestExecutionListener@4bc322f6, org.springframework.boot.test.mock.mockito.ResetMocksTestExecutionListener@23c8648c]
16:56:46.928 [Test worker] DEBUG org.springframework.test.context.support.AbstractDirtiesContextTestExecutionListener - Before test class: context [DefaultTestContext@5f014814 testClass = PaymentApplicationTests, testInstance = [null], testMethod = [null], testException = [null], mergedContextConfiguration = [WebMergedContextConfiguration@226bfcf8 testClass = PaymentApplicationTests, locations = '{}', classes = '{class com.dvdrental.payment.PaymentApplication}', contextInitializerClasses = '[]', activeProfiles = '{}', propertySourceLocations = '{}', propertySourceProperties = '{org.springframework.boot.test.context.SpringBootTestContextBootstrapper=true}', contextCustomizers = set[org.springframework.boot.test.autoconfigure.properties.PropertyMappingContextCustomizer@0, org.springframework.boot.test.autoconfigure.web.servlet.WebDriverContextCustomizerFactory$Customizer@41fd94d9, org.springframework.boot.test.context.filter.ExcludeFilterContextCustomizer@5a532ca3, org.springframework.boot.test.json.DuplicateJsonObjectContextCustomizerFactory$DuplicateJsonObjectContextCustomizer@7d3dea35, org.springframework.boot.test.mock.mockito.MockitoContextCustomizer@0, org.springframework.boot.test.web.client.TestRestTemplateContextCustomizer@588fe43f, org.springframework.boot.test.context.SpringBootTestArgs@1, org.springframework.boot.test.context.SpringBootTestWebEnvironment@4a5dad93], resourceBasePath = 'src/main/webapp', contextLoader = 'org.springframework.boot.test.context.SpringBootContextLoader', parent = [null]], attributes = map['org.springframework.test.context.web.ServletTestExecutionListener.activateListener' -> true]], class annotated with @DirtiesContext [false] with mode [null].
16:56:46.958 [Test worker] DEBUG org.springframework.test.context.support.TestPropertySourceUtils - Adding inlined properties to environment: {spring.jmx.enabled=false, org.springframework.boot.test.context.SpringBootTestContextBootstrapper=true}

  .   ____          _            __ _ _
 /\\ / ___'_ __ _ _(_)_ __  __ _ \ \ \ \
( ( )\___ | '_ | '_| | '_ \/ _` | \ \ \ \
 \\/  ___)| |_)| | | | | || (_| |  ) ) ) )
  '  |____| .__|_| |_|_| |_\__, | / / / /
 =========|_|==============|___/=/_/_/_/
 :: Spring Boot ::  (v2.3.8.BUILD-SNAPSHOT)

2020-12-26 16:56:47.633  INFO 13795 --- [    Test worker] c.d.payment.PaymentApplicationTests      : No active profile set, falling back to default profiles: default
2020-12-26 16:56:48.460  INFO 13795 --- [    Test worker] .s.d.r.c.RepositoryConfigurationDelegate : Bootstrapping Spring Data JPA repositories in DEFAULT mode.
2020-12-26 16:56:48.540  INFO 13795 --- [    Test worker] .s.d.r.c.RepositoryConfigurationDelegate : Finished Spring Data repository scanning in 72ms. Found 3 JPA repository interfaces.
2020-12-26 16:56:48.773  INFO 13795 --- [    Test worker] o.s.cloud.context.scope.GenericScope     : BeanFactory id=44db0db7-9f90-38f9-911a-392e55f92b8d
2020-12-26 16:56:48.842  INFO 13795 --- [    Test worker] trationDelegate$BeanPostProcessorChecker : Bean 'com.dvdrental.payment.client.FilmClient' of type [org.springframework.cloud.openfeign.FeignClientFactoryBean] is not eligible for getting processed by all BeanPostProcessors (for example: not eligible for auto-proxying)
2020-12-26 16:56:49.166  INFO 13795 --- [    Test worker] com.zaxxer.hikari.HikariDataSource       : HikariPool-1 - Starting...
2020-12-26 16:56:49.765  INFO 13795 --- [    Test worker] com.zaxxer.hikari.HikariDataSource       : HikariPool-1 - Start completed.
2020-12-26 16:56:49.858  INFO 13795 --- [    Test worker] o.hibernate.jpa.internal.util.LogHelper  : HHH000204: Processing PersistenceUnitInfo [name: default]
2020-12-26 16:56:49.916  INFO 13795 --- [    Test worker] org.hibernate.Version                    : HHH000412: Hibernate ORM core version 5.4.25.Final
2020-12-26 16:56:50.069  INFO 13795 --- [    Test worker] o.hibernate.annotations.common.Version   : HCANN000001: Hibernate Commons Annotations {5.1.2.Final}
2020-12-26 16:56:50.200  INFO 13795 --- [    Test worker] org.hibernate.dialect.Dialect            : HHH000400: Using dialect: org.hibernate.dialect.PostgreSQL95Dialect
2020-12-26 16:56:51.042  INFO 13795 --- [    Test worker] o.h.e.t.j.p.i.JtaPlatformInitiator       : HHH000490: Using JtaPlatform implementation: [org.hibernate.engine.transaction.jta.platform.internal.NoJtaPlatform]
2020-12-26 16:56:51.051  INFO 13795 --- [    Test worker] j.LocalContainerEntityManagerFactoryBean : Initialized JPA EntityManagerFactory for persistence unit 'default'
2020-12-26 16:56:51.831  WARN 13795 --- [    Test worker] JpaBaseConfiguration$JpaWebConfiguration : spring.jpa.open-in-view is enabled by default. Therefore, database queries may be performed during view rendering. Explicitly configure spring.jpa.open-in-view to disable this warning
2020-12-26 16:56:52.189  WARN 13795 --- [    Test worker] o.s.c.n.a.ArchaiusAutoConfiguration      : No spring.application.name found, defaulting to 'application'
2020-12-26 16:56:52.193  WARN 13795 --- [    Test worker] c.n.c.sources.URLConfigurationSource     : No URLs will be polled as dynamic configuration sources.
2020-12-26 16:56:52.193  INFO 13795 --- [    Test worker] c.n.c.sources.URLConfigurationSource     : To enable URLs as dynamic configuration sources, define System property archaius.configurationSource.additionalUrls or make config.properties available on classpath.
2020-12-26 16:56:52.199  WARN 13795 --- [    Test worker] c.n.c.sources.URLConfigurationSource     : No URLs will be polled as dynamic configuration sources.
2020-12-26 16:56:52.200  INFO 13795 --- [    Test worker] c.n.c.sources.URLConfigurationSource     : To enable URLs as dynamic configuration sources, define System property archaius.configurationSource.additionalUrls or make config.properties available on classpath.
2020-12-26 16:56:52.462  INFO 13795 --- [    Test worker] o.s.s.concurrent.ThreadPoolTaskExecutor  : Initializing ExecutorService 'applicationTaskExecutor'
2020-12-26 16:56:53.080  INFO 13795 --- [    Test worker] o.s.b.a.e.web.EndpointLinksResolver      : Exposing 2 endpoint(s) beneath base path '/actuator'
2020-12-26 16:56:53.131  INFO 13795 --- [    Test worker] c.d.payment.PaymentApplicationTests      : Started PaymentApplicationTests in 6.163 seconds (JVM running for 7.383)
]]></system-out>
  <system-err><![CDATA[]]></system-err>
</testsuite>
